<?xml version="1.0" encoding="UTF-8"?>
<testng-results ignored="0" total="8" passed="7" failed="1" skipped="0">
  <reporter-output>
  </reporter-output>
  <suite started-at="2021-11-05T09:20:13 SGT" name="All Test Suite" finished-at="2021-11-05T09:20:38 SGT" duration-ms="25092">
    <groups>
    </groups>
    <test started-at="2021-11-05T09:20:13 SGT" name="C:/Users/hal19/IdeaProjects/TestPhpTravels" finished-at="2021-11-05T09:20:38 SGT" duration-ms="25092">
      <class name="testCases.DemoPage">
        <test-method is-config="true" signature="setup(java.lang.String)[pri:0, instance:testCases.DemoPage@394a2528]" started-at="2021-11-05T09:20:13 SGT" name="setup" finished-at="2021-11-05T09:20:16 SGT" duration-ms="2880" status="PASS">
          <params>
            <param index="0">
              <value>
                <![CDATA[chrome]]>
              </value>
            </param>
          </params>
          <reporter-output>
          </reporter-output>
        </test-method> <!-- setup -->
        <test-method signature="checkHeaderDesc()[pri:0, instance:testCases.DemoPage@394a2528]" started-at="2021-11-05T09:20:16 SGT" name="checkHeaderDesc" finished-at="2021-11-05T09:20:19 SGT" duration-ms="3085" status="PASS">
          <reporter-output>
          </reporter-output>
        </test-method> <!-- checkHeaderDesc -->
        <test-method signature="checkHeaderTitle()[pri:0, instance:testCases.DemoPage@394a2528]" started-at="2021-11-05T09:20:19 SGT" name="checkHeaderTitle" finished-at="2021-11-05T09:20:22 SGT" duration-ms="3060" status="PASS">
          <reporter-output>
          </reporter-output>
        </test-method> <!-- checkHeaderTitle -->
        <test-method signature="checkMainTitle()[pri:0, instance:testCases.DemoPage@394a2528]" started-at="2021-11-05T09:20:22 SGT" name="checkMainTitle" finished-at="2021-11-05T09:20:26 SGT" duration-ms="3045" status="PASS">
          <reporter-output>
          </reporter-output>
        </test-method> <!-- checkMainTitle -->
        <test-method signature="checkNavOption()[pri:0, instance:testCases.DemoPage@394a2528]" started-at="2021-11-05T09:20:26 SGT" name="checkNavOption" finished-at="2021-11-05T09:20:32 SGT" duration-ms="6011" status="PASS">
          <reporter-output>
          </reporter-output>
        </test-method> <!-- checkNavOption -->
        <test-method signature="checkRowofItems()[pri:0, instance:testCases.DemoPage@394a2528]" started-at="2021-11-05T09:20:32 SGT" name="checkRowofItems" finished-at="2021-11-05T09:20:38 SGT" duration-ms="6049" status="FAIL">
          <exception class="java.lang.AssertionError">
            <message>
              <![CDATA[expected [7] but found [6]]]>
            </message>
            <full-stacktrace>
              <![CDATA[java.lang.AssertionError: expected [7] but found [6]
at org.testng.Assert.fail(Assert.java:99)
at org.testng.Assert.failNotEquals(Assert.java:1037)
at org.testng.Assert.assertEqualsImpl(Assert.java:140)
at org.testng.Assert.assertEquals(Assert.java:122)
at org.testng.Assert.assertEquals(Assert.java:907)
at org.testng.Assert.assertEquals(Assert.java:917)
at testCases.DemoPage.checkRowofItems(DemoPage.java:114)
at java.base/jdk.internal.reflect.NativeMethodAccessorImpl.invoke0(Native Method)
at java.base/jdk.internal.reflect.NativeMethodAccessorImpl.invoke(NativeMethodAccessorImpl.java:62)
at java.base/jdk.internal.reflect.DelegatingMethodAccessorImpl.invoke(DelegatingMethodAccessorImpl.java:43)
at java.base/java.lang.reflect.Method.invoke(Method.java:566)
at org.testng.internal.MethodInvocationHelper.invokeMethod(MethodInvocationHelper.java:133)
at org.testng.internal.TestInvoker.invokeMethod(TestInvoker.java:598)
at org.testng.internal.TestInvoker.invokeTestMethod(TestInvoker.java:173)
at org.testng.internal.MethodRunner.runInSequence(MethodRunner.java:46)
at org.testng.internal.TestInvoker$MethodInvocationAgent.invoke(TestInvoker.java:824)
at org.testng.internal.TestInvoker.invokeTestMethods(TestInvoker.java:146)
at org.testng.internal.TestMethodWorker.invokeTestMethods(TestMethodWorker.java:146)
at org.testng.internal.TestMethodWorker.run(TestMethodWorker.java:128)
at java.base/java.util.ArrayList.forEach(ArrayList.java:1541)
at org.testng.TestRunner.privateRun(TestRunner.java:794)
at org.testng.TestRunner.run(TestRunner.java:596)
at org.testng.SuiteRunner.runTest(SuiteRunner.java:377)
at org.testng.SuiteRunner.runSequentially(SuiteRunner.java:371)
at org.testng.SuiteRunner.privateRun(SuiteRunner.java:332)
at org.testng.SuiteRunner.run(SuiteRunner.java:276)
at org.testng.SuiteRunnerWorker.runSuite(SuiteRunnerWorker.java:53)
at org.testng.SuiteRunnerWorker.run(SuiteRunnerWorker.java:96)
at org.testng.TestNG.runSuitesSequentially(TestNG.java:1212)
at org.testng.TestNG.runSuitesLocally(TestNG.java:1134)
at org.testng.TestNG.runSuites(TestNG.java:1063)
at org.testng.TestNG.run(TestNG.java:1031)
at com.intellij.rt.testng.IDEARemoteTestNG.run(IDEARemoteTestNG.java:66)
at com.intellij.rt.testng.RemoteTestNGStarter.main(RemoteTestNGStarter.java:109)
]]>
            </full-stacktrace>
          </exception> <!-- java.lang.AssertionError -->
          <reporter-output>
          </reporter-output>
        </test-method> <!-- checkRowofItems -->
        <test-method signature="checkSubTitle()[pri:0, instance:testCases.DemoPage@394a2528]" started-at="2021-11-05T09:20:38 SGT" name="checkSubTitle" finished-at="2021-11-05T09:20:38 SGT" duration-ms="25" status="PASS">
          <reporter-output>
          </reporter-output>
        </test-method> <!-- checkSubTitle -->
        <test-method signature="checkTitle()[pri:0, instance:testCases.DemoPage@394a2528]" started-at="2021-11-05T09:20:38 SGT" name="checkTitle" finished-at="2021-11-05T09:20:38 SGT" duration-ms="32" status="PASS">
          <reporter-output>
          </reporter-output>
        </test-method> <!-- checkTitle -->
        <test-method signature="checkURL()[pri:0, instance:testCases.DemoPage@394a2528]" started-at="2021-11-05T09:20:38 SGT" name="checkURL" finished-at="2021-11-05T09:20:38 SGT" duration-ms="16" status="PASS">
          <reporter-output>
          </reporter-output>
        </test-method> <!-- checkURL -->
        <test-method is-config="true" signature="teardown()[pri:0, instance:testCases.DemoPage@394a2528]" started-at="2021-11-05T09:20:38 SGT" name="teardown" finished-at="2021-11-05T09:20:38 SGT" duration-ms="663" status="PASS">
          <reporter-output>
          </reporter-output>
        </test-method> <!-- teardown -->
      </class> <!-- testCases.DemoPage -->
    </test> <!-- C:/Users/hal19/IdeaProjects/TestPhpTravels -->
  </suite> <!-- All Test Suite -->
</testng-results>
