<?xml version="1.0" encoding="UTF-8"?>
<!-- Generated by org.testng.reporters.JUnitReportReporter -->
<testsuite hostname="DESKTOP-UITE9RG" failures="0" tests="18" name="testCases.DemoPage" time="187.468" errors="1" timestamp="2021-11-15T09:18:36 SGT" skipped="0">
  <testcase classname="testCases.DemoPage" name="checkSubTitle" time="2.828"/>
  <system-out/>
  <testcase classname="testCases.DemoPage" name="checkRowofItems" time="8.841"/>
  <system-out/>
  <testcase classname="testCases.DemoPage" name="countTabsForBlog" time="11.885"/>
  <system-out/>
  <testcase classname="testCases.DemoPage" name="checkBlogUrl" time="17.990"/>
  <system-out/>
  <testcase classname="testCases.DemoPage" name="checkPricingLink" time="12.637"/>
  <system-out/>
  <testcase classname="testCases.DemoPage" name="checkTitle" time="3.760"/>
  <system-out/>
  <testcase classname="testCases.DemoPage" name="checkNavOption" time="8.908"/>
  <system-out/>
  <testcase classname="testCases.DemoPage" name="checkDemoLink" time="12.982"/>
  <system-out/>
  <testcase classname="testCases.DemoPage" name="checkMainTitle" time="5.819"/>
  <system-out/>
  <testcase classname="testCases.DemoPage" name="countTabsForLogin" time="11.868"/>
  <system-out/>
  <testcase classname="testCases.DemoPage" name="countTabsForDocs" time="12.196"/>
  <system-out/>
  <testcase classname="testCases.DemoPage" name="checkURL" time="2.824"/>
  <system-out/>
  <testcase classname="testCases.DemoPage" name="checkHeaderTitle" time="6.038"/>
  <system-out/>
  <testcase classname="testCases.DemoPage" name="checkDocTabUrl" time="18.104"/>
  <system-out/>
  <testcase classname="testCases.DemoPage" name="checkHeaderDesc" time="5.873"/>
  <system-out/>
  <testcase classname="testCases.DemoPage" name="checkIntegrationLink" time="13.242"/>
  <system-out/>
  <testcase classname="testCases.DemoPage" name="checkLoginUrl" time="18.693"/>
  <system-out/>
  <testcase classname="testCases.DemoPage" name="countTabsForDesktopApp" time="12.980">
    <error message="element click intercepted: Element &lt;a class=&quot;lvl-1 link nav-link&quot; href=&quot;https://phptravels.com/desktop-application/&quot;&gt;...&lt;/a&gt; is not clickable at point (589, 385). Other element would receive the click: &lt;strong&gt;...&lt;/strong&gt;
  (Session info: chrome=95.0.4638.69)
Build info: version: &#039;3.141.59&#039;, revision: &#039;e82be7d358&#039;, time: &#039;2018-11-14T08:17:03&#039;
System info: host: &#039;DESKTOP-UITE9RG&#039;, ip: &#039;192.168.18.27&#039;, os.name: &#039;Windows 10&#039;, os.arch: &#039;amd64&#039;, os.version: &#039;10.0&#039;, java.version: &#039;11.0.11&#039;
Driver info: org.openqa.selenium.chrome.ChromeDriver
Capabilities {acceptInsecureCerts: false, browserName: chrome, browserVersion: 95.0.4638.69, chrome: {chromedriverVersion: 95.0.4638.17 (a9d0719444d4b..., userDataDir: C:\Users\hal19\AppData\Loca...}, goog:chromeOptions: {debuggerAddress: localhost:53953}, javascriptEnabled: true, networkConnectionEnabled: false, pageLoadStrategy: normal, platform: WINDOWS, platformName: WINDOWS, proxy: Proxy(), setWindowRect: true, strictFileInteractability: false, timeouts: {implicit: 0, pageLoad: 300000, script: 30000}, unhandledPromptBehavior: dismiss and notify, webauthn:extension:credBlob: true, webauthn:extension:largeBlob: true, webauthn:virtualAuthenticators: true}
Session ID: 63ba1cf9de75a24c7c3f5df21ad13f1e" type="org.openqa.selenium.ElementClickInterceptedException">
      <![CDATA[org.openqa.selenium.ElementClickInterceptedException: element click intercepted: Element <a class="lvl-1 link nav-link" href="https://phptravels.com/desktop-application/">...</a> is not clickable at point (589, 385). Other element would receive the click: <strong>...</strong>
  (Session info: chrome=95.0.4638.69)
Build info: version: '3.141.59', revision: 'e82be7d358', time: '2018-11-14T08:17:03'
System info: host: 'DESKTOP-UITE9RG', ip: '192.168.18.27', os.name: 'Windows 10', os.arch: 'amd64', os.version: '10.0', java.version: '11.0.11'
Driver info: org.openqa.selenium.chrome.ChromeDriver
Capabilities {acceptInsecureCerts: false, browserName: chrome, browserVersion: 95.0.4638.69, chrome: {chromedriverVersion: 95.0.4638.17 (a9d0719444d4b..., userDataDir: C:\Users\hal19\AppData\Loca...}, goog:chromeOptions: {debuggerAddress: localhost:53953}, javascriptEnabled: true, networkConnectionEnabled: false, pageLoadStrategy: normal, platform: WINDOWS, platformName: WINDOWS, proxy: Proxy(), setWindowRect: true, strictFileInteractability: false, timeouts: {implicit: 0, pageLoad: 300000, script: 30000}, unhandledPromptBehavior: dismiss and notify, webauthn:extension:credBlob: true, webauthn:extension:largeBlob: true, webauthn:virtualAuthenticators: true}
Session ID: 63ba1cf9de75a24c7c3f5df21ad13f1e
at java.base/jdk.internal.reflect.NativeConstructorAccessorImpl.newInstance0(Native Method)
at java.base/jdk.internal.reflect.NativeConstructorAccessorImpl.newInstance(NativeConstructorAccessorImpl.java:62)
at java.base/jdk.internal.reflect.DelegatingConstructorAccessorImpl.newInstance(DelegatingConstructorAccessorImpl.java:45)
at java.base/java.lang.reflect.Constructor.newInstance(Constructor.java:490)
at org.openqa.selenium.remote.http.W3CHttpResponseCodec.createException(W3CHttpResponseCodec.java:187)
at org.openqa.selenium.remote.http.W3CHttpResponseCodec.decode(W3CHttpResponseCodec.java:122)
at org.openqa.selenium.remote.http.W3CHttpResponseCodec.decode(W3CHttpResponseCodec.java:49)
at org.openqa.selenium.remote.HttpCommandExecutor.execute(HttpCommandExecutor.java:158)
at org.openqa.selenium.remote.service.DriverCommandExecutor.execute(DriverCommandExecutor.java:83)
at org.openqa.selenium.remote.RemoteWebDriver.execute(RemoteWebDriver.java:552)
at org.openqa.selenium.remote.RemoteWebElement.execute(RemoteWebElement.java:285)
at org.openqa.selenium.remote.RemoteWebElement.click(RemoteWebElement.java:84)
at java.base/jdk.internal.reflect.NativeMethodAccessorImpl.invoke0(Native Method)
at java.base/jdk.internal.reflect.NativeMethodAccessorImpl.invoke(NativeMethodAccessorImpl.java:62)
at java.base/jdk.internal.reflect.DelegatingMethodAccessorImpl.invoke(DelegatingMethodAccessorImpl.java:43)
at java.base/java.lang.reflect.Method.invoke(Method.java:566)
at org.openqa.selenium.support.pagefactory.internal.LocatingElementHandler.invoke(LocatingElementHandler.java:51)
at com.sun.proxy.$Proxy14.click(Unknown Source)
at helper.available.clickItem(available.java:27)
at testCases.DemoPage.countTabsForDesktopApp(DemoPage.java:273)
at java.base/jdk.internal.reflect.NativeMethodAccessorImpl.invoke0(Native Method)
at java.base/jdk.internal.reflect.NativeMethodAccessorImpl.invoke(NativeMethodAccessorImpl.java:62)
at java.base/jdk.internal.reflect.DelegatingMethodAccessorImpl.invoke(DelegatingMethodAccessorImpl.java:43)
at java.base/java.lang.reflect.Method.invoke(Method.java:566)
at org.testng.internal.MethodInvocationHelper.invokeMethod(MethodInvocationHelper.java:133)
at org.testng.internal.TestInvoker.invokeMethod(TestInvoker.java:598)
at org.testng.internal.TestInvoker.invokeTestMethod(TestInvoker.java:173)
at org.testng.internal.MethodRunner.runInSequence(MethodRunner.java:46)
at org.testng.internal.TestInvoker$MethodInvocationAgent.invoke(TestInvoker.java:824)
at org.testng.internal.TestInvoker.invokeTestMethods(TestInvoker.java:146)
at org.testng.internal.TestMethodWorker.invokeTestMethods(TestMethodWorker.java:146)
at org.testng.internal.TestMethodWorker.run(TestMethodWorker.java:128)
at java.base/java.util.ArrayList.forEach(ArrayList.java:1541)
at org.testng.TestRunner.privateRun(TestRunner.java:794)
at org.testng.TestRunner.run(TestRunner.java:596)
at org.testng.SuiteRunner.runTest(SuiteRunner.java:377)
at org.testng.SuiteRunner.runSequentially(SuiteRunner.java:371)
at org.testng.SuiteRunner.privateRun(SuiteRunner.java:332)
at org.testng.SuiteRunner.run(SuiteRunner.java:276)
at org.testng.SuiteRunnerWorker.runSuite(SuiteRunnerWorker.java:53)
at org.testng.SuiteRunnerWorker.run(SuiteRunnerWorker.java:96)
at org.testng.TestNG.runSuitesSequentially(TestNG.java:1212)
at org.testng.TestNG.runSuitesLocally(TestNG.java:1134)
at org.testng.TestNG.runSuites(TestNG.java:1063)
at org.testng.TestNG.run(TestNG.java:1031)
at com.intellij.rt.testng.IDEARemoteTestNG.run(IDEARemoteTestNG.java:66)
at com.intellij.rt.testng.RemoteTestNGStarter.main(RemoteTestNGStarter.java:109)
]]>
    </error>
  </testcase> <!-- countTabsForDesktopApp -->
  <system-out/>
</testsuite> <!-- testCases.DemoPage -->
